生成启动时间为 2020/4/7 15:54:46。
     1>项目“C:\Users\lds\Desktop\myOpengl\horizontalBaiye\myOpenGL\myOpenGL.vcxproj”在节点 2 上(build 个目标)。
     1>InitializeBuildStatus:
         正在创建“Debug\myOpenGL.unsuccessfulbuild”，因为已指定“AlwaysCreate”。
       ClCompile:
         C:\Program Files (x86)\Microsoft Visual Studio 10.0\VC\bin\CL.exe /c /I.\include /ZI /nologo /W3 /WX- /Od /Oy- /D _MBCS /Gm /EHsc /RTC1 /MDd /GS /fp:precise /Zc:wchar_t /Zc:forScope /Fo"Debug\\" /Fd"Debug\vc100.pdb" /Gd /TC /analyze- /errorReport:prompt glad.c
         glad.c
         C:\Program Files (x86)\Microsoft Visual Studio 10.0\VC\bin\CL.exe /c /I.\include /ZI /nologo /W3 /WX- /Od /Oy- /D _MBCS /Gm /EHsc /RTC1 /MDd /GS /fp:precise /Zc:wchar_t /Zc:forScope /Fo"Debug\\" /Fd"Debug\vc100.pdb" /Gd /TP /analyze- /errorReport:prompt main.cpp shader.cpp stb_image.cpp
         stb_image.cpp
         shader.cpp
     1>c:\users\lds\desktop\myopengl\horizontalbaiye\myopengl\shader.h(4): warning C4067: 预处理器指令后有意外标记 - 应输入换行符
         main.cpp
     1>c:\users\lds\desktop\myopengl\horizontalbaiye\myopengl\shader.h(4): warning C4067: 预处理器指令后有意外标记 - 应输入换行符
     1>c:\users\lds\desktop\myopengl\horizontalbaiye\myopengl\main.cpp(170): warning C4244: “=”: 从“double”转换到“float”，可能丢失数据
     1>c:\users\lds\desktop\myopengl\horizontalbaiye\myopengl\main.cpp(171): warning C4244: “=”: 从“double”转换到“float”，可能丢失数据
     1>c:\users\lds\desktop\myopengl\horizontalbaiye\myopengl\main.cpp(172): warning C4244: “=”: 从“double”转换到“float”，可能丢失数据
     1>c:\users\lds\desktop\myopengl\horizontalbaiye\myopengl\main.cpp(173): warning C4244: “=”: 从“double”转换到“float”，可能丢失数据
     1>c:\users\lds\desktop\myopengl\horizontalbaiye\myopengl\main.cpp(175): warning C4244: “=”: 从“double”转换到“float”，可能丢失数据
     1>c:\users\lds\desktop\myopengl\horizontalbaiye\myopengl\main.cpp(176): warning C4244: “=”: 从“double”转换到“float”，可能丢失数据
     1>c:\users\lds\desktop\myopengl\horizontalbaiye\myopengl\main.cpp(177): warning C4244: “=”: 从“double”转换到“float”，可能丢失数据
     1>c:\users\lds\desktop\myopengl\horizontalbaiye\myopengl\main.cpp(178): warning C4244: “=”: 从“double”转换到“float”，可能丢失数据
     1>c:\users\lds\desktop\myopengl\horizontalbaiye\myopengl\main.cpp(180): warning C4244: “=”: 从“double”转换到“float”，可能丢失数据
     1>c:\users\lds\desktop\myopengl\horizontalbaiye\myopengl\main.cpp(181): warning C4244: “=”: 从“double”转换到“float”，可能丢失数据
     1>c:\users\lds\desktop\myopengl\horizontalbaiye\myopengl\main.cpp(182): warning C4244: “=”: 从“double”转换到“float”，可能丢失数据
     1>c:\users\lds\desktop\myopengl\horizontalbaiye\myopengl\main.cpp(183): warning C4244: “=”: 从“double”转换到“float”，可能丢失数据
     1>c:\users\lds\desktop\myopengl\horizontalbaiye\myopengl\main.cpp(185): warning C4244: “=”: 从“double”转换到“float”，可能丢失数据
     1>c:\users\lds\desktop\myopengl\horizontalbaiye\myopengl\main.cpp(186): warning C4244: “=”: 从“double”转换到“float”，可能丢失数据
     1>c:\users\lds\desktop\myopengl\horizontalbaiye\myopengl\main.cpp(187): warning C4244: “=”: 从“double”转换到“float”，可能丢失数据
     1>c:\users\lds\desktop\myopengl\horizontalbaiye\myopengl\main.cpp(188): warning C4244: “=”: 从“double”转换到“float”，可能丢失数据
         正在生成代码...
       Link:
         C:\Program Files (x86)\Microsoft Visual Studio 10.0\VC\bin\link.exe /ERRORREPORT:PROMPT /OUT:"C:\Users\lds\Desktop\myOpengl\horizontalBaiye\Debug\myOpenGL.exe" /NOLOGO /LIBPATH:.\lib opengl32.lib glew32s.lib glfw3.lib kernel32.lib user32.lib gdi32.lib winspool.lib comdlg32.lib advapi32.lib shell32.lib ole32.lib oleaut32.lib uuid.lib odbc32.lib odbccp32.lib /MANIFEST /ManifestFile:"Debug\myOpenGL.exe.intermediate.manifest" /MANIFESTUAC:"level='asInvoker' uiAccess='false'" /DEBUG /PDB:"C:\Users\lds\Desktop\myOpengl\horizontalBaiye\Debug\myOpenGL.pdb" /TLBID:1 /DYNAMICBASE /NXCOMPAT /IMPLIB:"C:\Users\lds\Desktop\myOpengl\horizontalBaiye\Debug\myOpenGL.lib" /MACHINE:X86 Debug\glad.obj
         Debug\main.obj
         Debug\shader.obj
         Debug\stb_image.obj
         LINK : 没有找到 C:\Users\lds\Desktop\myOpengl\horizontalBaiye\Debug\myOpenGL.exe 或上一个增量链接没有生成它；正在执行完全链接
     1>LINK : warning LNK4098: 默认库“MSVCRT”与其他库的使用冲突；请使用 /NODEFAULTLIB:library
         myOpenGL.vcxproj -> C:\Users\lds\Desktop\myOpengl\horizontalBaiye\Debug\myOpenGL.exe
       Manifest:
         C:\Program Files (x86)\Microsoft SDKs\Windows\v7.0A\bin\mt.exe /nologo /verbose /outputresource:"C:\Users\lds\Desktop\myOpengl\horizontalBaiye\Debug\myOpenGL.exe;#1" /manifest Debug\myOpenGL.exe.intermediate.manifest
       FinalizeBuildStatus:
         正在删除文件“Debug\myOpenGL.unsuccessfulbuild”。
         正在对“Debug\myOpenGL.lastbuildstate”执行 Touch 任务。
     1>已完成生成项目“C:\Users\lds\Desktop\myOpengl\horizontalBaiye\myOpenGL\myOpenGL.vcxproj”(build 个目标)的操作。

生成成功。

已用时间 00:00:03.01
