生成启动时间为 2020/2/20 15:58:43。
     1>项目“C:\myspace\cpp\workOpengl\workOpengl\workOpengl.vcxproj”在节点 2 上(build 个目标)。
     1>InitializeBuildStatus:
         正在创建“Debug\workOpengl.unsuccessfulbuild”，因为已指定“AlwaysCreate”。
       ClCompile:
         c:\Program Files (x86)\Microsoft Visual Studio 10.0\VC\bin\CL.exe /c /I./include /ZI /nologo /W3 /WX- /Od /Oy- /D _MBCS /Gm /EHsc /RTC1 /MDd /GS /fp:precise /Zc:wchar_t /Zc:forScope /Fo"Debug\\" /Fd"Debug\vc100.pdb" /Gd /TP /analyze- /errorReport:prompt main.cpp
         main.cpp
     1>c:\myspace\cpp\workopengl\workopengl\main.cpp(58): warning C4305: “+=”: 从“double”到“GLfloat”截断
       Link:
         c:\Program Files (x86)\Microsoft Visual Studio 10.0\VC\bin\link.exe /ERRORREPORT:PROMPT /OUT:"C:\myspace\cpp\workOpengl\Debug\workOpengl.exe" /NOLOGO /LIBPATH:./lib opengl32.lib GLAUX.LIB freeglut.lib kernel32.lib user32.lib gdi32.lib winspool.lib comdlg32.lib advapi32.lib shell32.lib ole32.lib oleaut32.lib uuid.lib odbc32.lib odbccp32.lib /MANIFEST /ManifestFile:"Debug\workOpengl.exe.intermediate.manifest" /MANIFESTUAC:"level='asInvoker' uiAccess='false'" /DEBUG /PDB:"C:\myspace\cpp\workOpengl\Debug\workOpengl.pdb" /TLBID:1 /DYNAMICBASE /NXCOMPAT /IMPLIB:"C:\myspace\cpp\workOpengl\Debug\workOpengl.lib" /MACHINE:X86 Debug\main.obj
         LINK : 没有找到 C:\myspace\cpp\workOpengl\Debug\workOpengl.exe 或上一个增量链接没有生成它；正在执行完全链接
         workOpengl.vcxproj -> C:\myspace\cpp\workOpengl\Debug\workOpengl.exe
       Manifest:
         c:\Program Files (x86)\Microsoft SDKs\Windows\v7.0A\bin\mt.exe /nologo /verbose /outputresource:"C:\myspace\cpp\workOpengl\Debug\workOpengl.exe;#1" /manifest Debug\workOpengl.exe.intermediate.manifest
       FinalizeBuildStatus:
         正在删除文件“Debug\workOpengl.unsuccessfulbuild”。
         正在对“Debug\workOpengl.lastbuildstate”执行 Touch 任务。
     1>已完成生成项目“C:\myspace\cpp\workOpengl\workOpengl\workOpengl.vcxproj”(build 个目标)的操作。

生成成功。

已用时间 00:00:01.20
